<?xml version="1.0" encoding="UTF-8"?>
<testsuite hostname="hadoop04" name="com.takako.MoneyTest" tests="3" failures="3" timestamp="16 Sep 2011 00:01:27 GMT" time="0.016" errors="0">
  <testcase name="testArrayEquals" time="0.0" classname="com.takako.MoneyTest">
    <failure type="java.lang.AssertionError" message="expected:&amp;lt;[Ljava.lang.Object;@ff2413&amp;gt; but was:&amp;lt;[Ljava.lang.Object;@9980d5&amp;gt;">
      <![CDATA[java.lang.AssertionError: expected:<[Ljava.lang.Object;@ff2413> but was:<[Ljava.lang.Object;@9980d5>
	at com.takako.MoneyTest.testArrayEquals(MoneyTest.java:76)
... Removed 29 stack frames]]>
    </failure>
  </testcase>
  <testcase name="testReduceMoney" time="0.0" classname="com.takako.MoneyTest">
    <failure type="java.lang.NullPointerException">
      <![CDATA[java.lang.NullPointerException
	at com.takako.Bank.rate(Bank.java:14)
	at com.takako.Money.reduce(Money.java:49)
	at com.takako.Bank.reduce(Bank.java:9)
	at com.takako.MoneyTest.testReduceMoney(MoneyTest.java:64)
... Removed 25 stack frames]]>
    </failure>
  </testcase>
  <testcase name="testReduceMoneyDifferentCurrency" time="0.0" classname="com.takako.MoneyTest">
    <failure type="java.lang.NullPointerException">
      <![CDATA[java.lang.NullPointerException
	at com.takako.Bank.rate(Bank.java:14)
	at com.takako.Money.reduce(Money.java:49)
	at com.takako.Bank.reduce(Bank.java:9)
	at com.takako.MoneyTest.testReduceMoneyDifferentCurrency(MoneyTest.java:71)
... Removed 25 stack frames]]>
    </failure>
  </testcase>
</testsuite>
