<?xml version="1.0" encoding="UTF-8"?>
<testng-results skipped="0" failed="0" total="1" passed="1">
  <reporter-output>
  </reporter-output>
  <suite name="Command line suite" duration-ms="16" started-at="2011-07-28T15:41:31Z" finished-at="2011-07-28T15:41:31Z">
    <groups>
    </groups>
    <test name="Command line test" duration-ms="16" started-at="2011-07-28T15:41:31Z" finished-at="2011-07-28T15:41:31Z">
      <class name="com.takako.AppTest">
        <test-method status="PASS" signature="testApp()" name="testApp" duration-ms="0" started-at="2011-07-28T15:41:31Z" finished-at="2011-07-28T15:41:31Z">
        </test-method>
      </class>
    </test>
  </suite>
</testng-results>
